


ARM Macro Assembler    Page 1 


    1 00000000                 AREA             |.text|, CODE, READONLY
    2 00000000                 EXPORT           DIFF_MAX_MIN
    3 00000000         ; R0: vector
    4 00000000         ; R1: last pos used
    5 00000000         
    6 00000000         DIFF_MAX_MIN
    7 00000000 46EC            MOV              R12, SP
    8 00000002 E92D 4DF0       STMFD            SP!, {R4-R8, R10, R11, LR}
    9 00000006         
   10 00000006 B40F            STMFD            SP!, {R0-R3}
   11 00000008         
   12 00000008                 IMPORT           sort_integers
   13 00000008         
   14 00000008 F101 0101       ADD              R1, R1, #1
   15 0000000C F7FF FFFE       BL               sort_integers
   16 00000010         
   17 00000010 BC0F            LDMFD            SP!, {R0-R3}
   18 00000012         
   19 00000012 6802            LDR              R2, [R0]
   20 00000014 F850 3021       LDR              R3, [R0, R1, LSL #2]
   21 00000018         
   22 00000018         
   23 00000018 EBA2 0003 
                       result  SUB              R0, R2, R3  ; store result
   24 0000001C E8BD 4DF0       LDMFD            SP!, {R4-R8, R10, R11, LR}
   25 00000020         
   26 00000020 4770            BX               LR
   27 00000022         
   28 00000022                 END
Command Line: --debug --xref --diag_suppress=9931 --cpu=Cortex-M3 --apcs=interw
ork --depend=.\standard_procedure.d -o.\standard_procedure.o -I.\RTE\_Target_1 
-IC:\Keil_v5\ARM\PACK\ARM\CMSIS\5.8.0\CMSIS\Core\Include -IC:\Keil_v5\ARM\PACK\
Keil\LPC1700_DFP\2.7.1\Device\Include --predefine="__UVISION_VERSION SETA 536" 
--predefine="_RTE_ SETA 1" --predefine="LPC175x_6x SETA 1" --predefine="_RTE_ S
ETA 1" --list=.\standard_procedure.lst assembly\standard_procedure.s



ARM Macro Assembler    Page 1 Alphabetic symbol ordering
Relocatable symbols

.text 00000000

Symbol: .text
   Definitions
      At line 1 in file assembly\standard_procedure.s
   Uses
      None
Comment: .text unused
DIFF_MAX_MIN 00000000

Symbol: DIFF_MAX_MIN
   Definitions
      At line 6 in file assembly\standard_procedure.s
   Uses
      At line 2 in file assembly\standard_procedure.s
Comment: DIFF_MAX_MIN used once
result 00000018

Symbol: result
   Definitions
      At line 23 in file assembly\standard_procedure.s
   Uses
      None
Comment: result unused
3 symbols



ARM Macro Assembler    Page 1 Alphabetic symbol ordering
External symbols

sort_integers 00000000

Symbol: sort_integers
   Definitions
      At line 12 in file assembly\standard_procedure.s
   Uses
      At line 15 in file assembly\standard_procedure.s
Comment: sort_integers used once
1 symbol
337 symbols in table
