


ARM Macro Assembler    Page 1 


    1 00000000                 AREA             |.text|, CODE, READONLY
    2 00000000                 EXPORT           sort_integers ; 32-bit integers
                                                            , sort desc order
    3 00000000         ; R0: vector to sort
    4 00000000         ; R1: number of elements
    5 00000000         
    6 00000000 46EC    sort_integers
                               MOV              R12, SP
    7 00000002 E92D 4DF0       STMFD            SP!, {R4-R8, R10, R11, LR}
    8 00000006         
    9 00000006 F04F 0200       MOV              R2, #0      ; i
   10 0000000A 428A    loop_ext
                               CMP              R2, R1
   11 0000000C D019            BEQ              result
   12 0000000E         
   13 0000000E F850 3022       LDR              R3, [R0, R2, LSL #2] ; get v[i]
                                                            
   14 00000012 461E            MOV              R6, R3      ; max = v[i]
   15 00000014 4617            MOV              R7, R2      ;  posmax = i
   16 00000016         
   17 00000016 F102 0401       ADD              R4, R2, #1  ;j = i+1
   18 0000001A 428C    find_min
                               CMP              R4, R1
   19 0000001C D008            BEQ              next_loop_ext
   20 0000001E         
   21 0000001E F850 5024       LDR              R5, [R0, R4, LSL #2] ; get v[j]
                                                            
   22 00000022 42B5            CMP              R5, R6      ; if(v[j] > max)
   23 00000024         
   24 00000024 BFC4 462E       MOVGT            R6, R5      ; max = v[j]
   25 00000028 4627            MOVGT            R7, R4      ; posmax = j
   26 0000002A         
   27 0000002A F104 0401       ADD              R4, R4, #1  ; j++
   28 0000002E E7F4            B                find_min
   29 00000030         
   30 00000030 42BA    next_loop_ext
                               CMP              R2, R7      ; if(i != posmax)
   31 00000032 BF1C F840 
              3027             STRNE            R3, [R0, R7, LSL #2] 
                                                            ; v[posmax] = v[i]
   32 00000038 F840 6022       STRNE            R6, [R0, R2, LSL #2] 
                                                            ; v[i] = max
   33 0000003C F102 0201       ADD              R2, R2, #1  ; i++
   34 00000040 E7E3            B                loop_ext
   35 00000042         
   36 00000042 E8BD 4DF0 
                       result  LDMFD            SP!, {R4-R8, R10, R11, LR}
   37 00000046 4770            BX               LR
   38 00000048         
   39 00000048                 END
Command Line: --debug --xref --diag_suppress=9931 --cpu=Cortex-M3 --apcs=interw
ork --depend=.\sort_desc_int32.d -o.\sort_desc_int32.o -I.\RTE\_Target_1 -IC:\K
eil_v5\ARM\PACK\ARM\CMSIS\5.8.0\CMSIS\Core\Include -IC:\Keil_v5\ARM\PACK\Keil\L
PC1700_DFP\2.7.1\Device\Include --predefine="__UVISION_VERSION SETA 536" --pred
efine="_RTE_ SETA 1" --predefine="LPC175x_6x SETA 1" --predefine="_RTE_ SETA 1"
 --list=.\sort_desc_int32.lst assembly\sort_desc_int32.s



ARM Macro Assembler    Page 1 Alphabetic symbol ordering
Relocatable symbols

.text 00000000

Symbol: .text
   Definitions
      At line 1 in file assembly\sort_desc_int32.s
   Uses
      None
Comment: .text unused
find_min 0000001A

Symbol: find_min
   Definitions
      At line 18 in file assembly\sort_desc_int32.s
   Uses
      At line 28 in file assembly\sort_desc_int32.s
Comment: find_min used once
loop_ext 0000000A

Symbol: loop_ext
   Definitions
      At line 10 in file assembly\sort_desc_int32.s
   Uses
      At line 34 in file assembly\sort_desc_int32.s
Comment: loop_ext used once
next_loop_ext 00000030

Symbol: next_loop_ext
   Definitions
      At line 30 in file assembly\sort_desc_int32.s
   Uses
      At line 19 in file assembly\sort_desc_int32.s
Comment: next_loop_ext used once
result 00000042

Symbol: result
   Definitions
      At line 36 in file assembly\sort_desc_int32.s
   Uses
      At line 11 in file assembly\sort_desc_int32.s
Comment: result used once
sort_integers 00000000

Symbol: sort_integers
   Definitions
      At line 6 in file assembly\sort_desc_int32.s
   Uses
      At line 2 in file assembly\sort_desc_int32.s
Comment: sort_integers used once
6 symbols
339 symbols in table
