


ARM Macro Assembler    Page 1 


    1 00000000                 AREA             search_code, CODE, READONLY
    2 00000000                 EXPORT           search_in_pool
    3 00000000         
    4 00000000         search_in_pool
    5 00000000 46EC            MOV              R12, SP
    6 00000002 E92D 4DF0       STMFD            SP!, {R4-R8, R10, R11, LR}
    7 00000006         
    8 00000006 4C0B            LDR              R4, =N
    9 00000008 6824            LDR              R4, [R4]
   10 0000000A 490B            LDR              R1, =numbers
   11 0000000C         
   12 0000000C F04F 0200       MOV              R2, #0
   13 00000010         
   14 00000010 42A2    search  CMP              R2, R4
   15 00000012 D006            BEQ              result
   16 00000014         
   17 00000014 F851 3B04       LDR              R3, [R1], #4
   18 00000018 4283            CMP              R3, R0
   19 0000001A         
   20 0000001A D002            BEQ              result
   21 0000001C         
   22 0000001C F102 0201       ADD              R2, R2, #1
   23 00000020         
   24 00000020 E7F6            B                search
   25 00000022         
   26 00000022         
   27 00000022 42A2    result  CMP              R2, R4
   28 00000024 BF0C F04F 
              30FF             MOVEQ            R0, #-1     ; store result
   29 0000002A 4610            MOVNE            R0, R2
   30 0000002C E8BD 4DF0       LDMFD            SP!, {R4-R8, R10, R11, LR}
   31 00000030         
   32 00000030 4770            BX               LR
   33 00000032 00 00 00000000 
              00000000         LTORG
   34 0000003C         
   35 0000003C 00000004 
                       N       DCD              4
   36 00000040 00000067 
              00000078 
              00000086 
              00000013 numbers DCD              0x67, 0x78, 0x86, 0x13
   37 00000050         
   38 00000050                 END
Command Line: --debug --xref --diag_suppress=9931 --cpu=Cortex-M3 --apcs=interw
ork --depend=.\function.d -o.\function.o -I.\RTE\_Target_1 -IC:\Users\HP\AppDat
a\Local\Arm\Packs\ARM\CMSIS\5.9.0\CMSIS\Core\Include -IC:\Users\HP\AppData\Loca
l\Arm\Packs\Keil\LPC1700_DFP\2.7.1\Device\Include --predefine="__EVAL SETA 1" -
-predefine="__UVISION_VERSION SETA 538" --predefine="_RTE_ SETA 1" --predefine=
"LPC175x_6x SETA 1" --predefine="_RTE_ SETA 1" --list=.\function.lst assembly\f
unction.s



ARM Macro Assembler    Page 1 Alphabetic symbol ordering
Relocatable symbols

N 0000003C

Symbol: N
   Definitions
      At line 35 in file assembly\function.s
   Uses
      At line 8 in file assembly\function.s
Comment: N used once
numbers 00000040

Symbol: numbers
   Definitions
      At line 36 in file assembly\function.s
   Uses
      At line 10 in file assembly\function.s
Comment: numbers used once
result 00000022

Symbol: result
   Definitions
      At line 27 in file assembly\function.s
   Uses
      At line 15 in file assembly\function.s
      At line 20 in file assembly\function.s

search 00000010

Symbol: search
   Definitions
      At line 14 in file assembly\function.s
   Uses
      At line 24 in file assembly\function.s
Comment: search used once
search_code 00000000

Symbol: search_code
   Definitions
      At line 1 in file assembly\function.s
   Uses
      None
Comment: search_code unused
search_in_pool 00000000

Symbol: search_in_pool
   Definitions
      At line 4 in file assembly\function.s
   Uses
      At line 2 in file assembly\function.s
Comment: search_in_pool used once
6 symbols
342 symbols in table
