


ARM Macro Assembler    Page 1 


    1 00000000                 AREA             best3_function, CODE, READONLY
    2 00000000                 EXPORT           find_best_3
    3 00000000         
    4 00000000         find_best_3
    5 00000000 46EC            MOV              R12, SP
    6 00000002 E92D 4DF0       STMFD            SP!, {R4-R8, R10, R11, LR}
    7 00000006         
    8 00000006                 IMPORT           sort_integers
    9 00000006         
   10 00000006 B40F            STMFD            SP!, {R0-R3}
   11 00000008         
   12 00000008 F7FF FFFE       BL               sort_integers
   13 0000000C         
   14 0000000C BC0F            LDMFD            SP!, {R0-R3}
   15 0000000E         
   16 0000000E F04F 0303 
                       select_best_3
                               MOV              R3, #3      ; BEST-k, k = 3
   17 00000012 F04F 0400       MOV              R4, #0
   18 00000016         
   19 00000016 429C    loop    CMP              R4, R3
   20 00000018 D006            BEQ              result
   21 0000001A         
   22 0000001A F850 5B04       LDR              R5, [R0], #4
   23 0000001E F842 5B04       STR              R5, [R2], #4
   24 00000022         
   25 00000022 F104 0401       ADD              R4, R4, #1
   26 00000026 E7F6            B                loop
   27 00000028         
   28 00000028         
   29 00000028 4608    result  MOV              R0, R1      ; store result
   30 0000002A E8BD 4DF0       LDMFD            SP!, {R4-R8, R10, R11, LR}
   31 0000002E         
   32 0000002E 4770            BX               LR
   33 00000030         
   34 00000030                 END
Command Line: --debug --xref --diag_suppress=9931 --cpu=Cortex-M3 --apcs=interw
ork --depend=.\function.d -o.\function.o -I.\RTE\_Target_1 -IC:\Users\HP\AppDat
a\Local\Arm\Packs\ARM\CMSIS\5.9.0\CMSIS\Core\Include -IC:\Users\HP\AppData\Loca
l\Arm\Packs\Keil\LPC1700_DFP\2.7.1\Device\Include --predefine="__EVAL SETA 1" -
-predefine="__UVISION_VERSION SETA 538" --predefine="_RTE_ SETA 1" --predefine=
"LPC175x_6x SETA 1" --predefine="_RTE_ SETA 1" --list=.\function.lst assembly\f
unction.s



ARM Macro Assembler    Page 1 Alphabetic symbol ordering
Relocatable symbols

best3_function 00000000

Symbol: best3_function
   Definitions
      At line 1 in file assembly\function.s
   Uses
      None
Comment: best3_function unused
find_best_3 00000000

Symbol: find_best_3
   Definitions
      At line 4 in file assembly\function.s
   Uses
      At line 2 in file assembly\function.s
Comment: find_best_3 used once
loop 00000016

Symbol: loop
   Definitions
      At line 19 in file assembly\function.s
   Uses
      At line 26 in file assembly\function.s
Comment: loop used once
result 00000028

Symbol: result
   Definitions
      At line 29 in file assembly\function.s
   Uses
      At line 20 in file assembly\function.s
Comment: result used once
select_best_3 0000000E

Symbol: select_best_3
   Definitions
      At line 16 in file assembly\function.s
   Uses
      None
Comment: select_best_3 unused
5 symbols



ARM Macro Assembler    Page 1 Alphabetic symbol ordering
External symbols

sort_integers 00000000

Symbol: sort_integers
   Definitions
      At line 8 in file assembly\function.s
   Uses
      At line 12 in file assembly\function.s
Comment: sort_integers used once
1 symbol
340 symbols in table
