


ARM Macro Assembler    Page 1 


    1 00000000                 AREA             sort_function, CODE, READONLY
    2 00000000                 EXPORT           sort_integers ; 32-bit integers
                                                            , sort desc order
    3 00000000         
    4 00000000 46EC    sort_integers
                               MOV              R12, SP
    5 00000002 E92D 4DF0       STMFD            SP!, {R4-R8, R10, R11, LR}
    6 00000006         
    7 00000006 F04F 0200       MOV              R2, #0      ; i
    8 0000000A 428A    loop_ext
                               CMP              R2, R1
    9 0000000C D019            BEQ              result
   10 0000000E         
   11 0000000E F850 3022       LDR              R3, [R0, R2, LSL #2] ; get v[i]
                                                            
   12 00000012 461E            MOV              R6, R3      ; max = v[i]
   13 00000014 4617            MOV              R7, R2      ;  posmax = i
   14 00000016         
   15 00000016 F102 0401       ADD              R4, R2, #1  ;j = i+1
   16 0000001A 428C    find_min
                               CMP              R4, R1
   17 0000001C D008            BEQ              next_loop_ext
   18 0000001E         
   19 0000001E F850 5024       LDR              R5, [R0, R4, LSL #2] ; get v[j]
                                                            
   20 00000022 42B5            CMP              R5, R6      ; if(v[j] > max)
   21 00000024         
   22 00000024 BFC4 462E       MOVGT            R6, R5      ; max = v[j]
   23 00000028 4627            MOVGT            R7, R4      ; posmax = j
   24 0000002A         
   25 0000002A F104 0401       ADD              R4, R4, #1  ; j++
   26 0000002E E7F4            B                find_min
   27 00000030         next_loop_ext
   28 00000030 42BA            CMP              R2, R7      ; if(i != posmax)
   29 00000032 BF1C F840 
              3027             STRNE            R3, [R0, R7, LSL #2] 
                                                            ; v[posmax] = v[i]
   30 00000038 F840 6022       STRNE            R6, [R0, R2, LSL #2] 
                                                            ; v[i] = max
   31 0000003C F102 0201       ADD              R2, R2, #1  ; i++
   32 00000040 E7E3            B                loop_ext
   33 00000042         
   34 00000042 E8BD 4DF0 
                       result  LDMFD            SP!, {R4-R8, R10, R11, LR}
   35 00000046 4770            BX               LR
   36 00000048         
   37 00000048                 END
Command Line: --debug --xref --diag_suppress=9931 --cpu=Cortex-M3 --apcs=interw
ork --depend=.\sort.d -o.\sort.o -I.\RTE\_Target_1 -IC:\Users\HP\AppData\Local\
Arm\Packs\ARM\CMSIS\5.9.0\CMSIS\Core\Include -IC:\Users\HP\AppData\Local\Arm\Pa
cks\Keil\LPC1700_DFP\2.7.1\Device\Include --predefine="__EVAL SETA 1" --predefi
ne="__UVISION_VERSION SETA 538" --predefine="_RTE_ SETA 1" --predefine="LPC175x
_6x SETA 1" --predefine="_RTE_ SETA 1" --list=.\sort.lst assembly\sort.s



ARM Macro Assembler    Page 1 Alphabetic symbol ordering
Relocatable symbols

find_min 0000001A

Symbol: find_min
   Definitions
      At line 16 in file assembly\sort.s
   Uses
      At line 26 in file assembly\sort.s
Comment: find_min used once
loop_ext 0000000A

Symbol: loop_ext
   Definitions
      At line 8 in file assembly\sort.s
   Uses
      At line 32 in file assembly\sort.s
Comment: loop_ext used once
next_loop_ext 00000030

Symbol: next_loop_ext
   Definitions
      At line 27 in file assembly\sort.s
   Uses
      At line 17 in file assembly\sort.s
Comment: next_loop_ext used once
result 00000042

Symbol: result
   Definitions
      At line 34 in file assembly\sort.s
   Uses
      At line 9 in file assembly\sort.s
Comment: result used once
sort_function 00000000

Symbol: sort_function
   Definitions
      At line 1 in file assembly\sort.s
   Uses
      None
Comment: sort_function unused
sort_integers 00000000

Symbol: sort_integers
   Definitions
      At line 4 in file assembly\sort.s
   Uses
      At line 2 in file assembly\sort.s
Comment: sort_integers used once
6 symbols
340 symbols in table
