


ARM Macro Assembler    Page 1 


    1 00000000                 AREA             check_divisible, CODE, READONLY
    2 00000000                 EXPORT           divisible
    3 00000000         
    4 00000000         divisible
    5 00000000 46EC            MOV              R12, SP
    6 00000002 E92D 4DF0       STMFD            SP!, {R4-R8, R10, R11, LR}
    7 00000006         
    8 00000006 FBB0 F2F1 
                       check_div
                               UDIV             R2, R0, R1
    9 0000000A FB02 F301       MUL              R3, R2, R1
   10 0000000E EBA0 0403       SUB              R4, R0, R3
   11 00000012         
   12 00000012 4620    result  MOV              R0, R4      ; store result
   13 00000014 E8BD 4DF0       LDMFD            SP!, {R4-R8, R10, R11, LR}
   14 00000018         
   15 00000018 4770            BX               LR
   16 0000001A         
   17 0000001A                 END
Command Line: --debug --xref --diag_suppress=9931 --cpu=Cortex-M3 --apcs=interw
ork --depend=.\function.d -o.\function.o -I.\RTE\_Target_1 -IC:\Users\HP\AppDat
a\Local\Arm\Packs\ARM\CMSIS\5.9.0\CMSIS\Core\Include -IC:\Users\HP\AppData\Loca
l\Arm\Packs\Keil\LPC1700_DFP\2.7.1\Device\Include --predefine="__EVAL SETA 1" -
-predefine="__UVISION_VERSION SETA 538" --predefine="_RTE_ SETA 1" --predefine=
"LPC175x_6x SETA 1" --predefine="_RTE_ SETA 1" --list=.\function.lst assembly\f
unction.s



ARM Macro Assembler    Page 1 Alphabetic symbol ordering
Relocatable symbols

check_div 00000006

Symbol: check_div
   Definitions
      At line 8 in file assembly\function.s
   Uses
      None
Comment: check_div unused
check_divisible 00000000

Symbol: check_divisible
   Definitions
      At line 1 in file assembly\function.s
   Uses
      None
Comment: check_divisible unused
divisible 00000000

Symbol: divisible
   Definitions
      At line 4 in file assembly\function.s
   Uses
      At line 2 in file assembly\function.s
Comment: divisible used once
result 00000012

Symbol: result
   Definitions
      At line 12 in file assembly\function.s
   Uses
      None
Comment: result unused
4 symbols
338 symbols in table
