


ARM Macro Assembler    Page 1 


    1 00000000                 AREA             |.text|, CODE, READONLY
    2 00000000                 EXPORT           get_and_sort
    3 00000000         ; R0: vector
    4 00000000         ; R1: value
    5 00000000         ; R2: number of elements (1 at first step)
    6 00000000         ; R3: data
    7 00000000         
    8 00000000         get_and_sort
    9 00000000 46EC            MOV              R12, SP
   10 00000002 E92D 4DF0       STMFD            SP!, {R4-R8, R10, R11, LR}
   11 00000006         
   12 00000006 F04F 0500       MOV              R5, #0      ; index
   13 0000000A F1A2 0601       SUB              R6, R2, #1  ; limit
   14 0000000E 42B5    find_pos
                               CMP              R5, R6
   15 00000010 D005            BEQ              insert
   16 00000012         
   17 00000012 5D44            LDRB             R4, [R0, R5]
   18 00000014 42A1            CMP              R1, R4
   19 00000016 D802            BHI              insert
   20 00000018         
   21 00000018 F105 0501       ADD              R5, R5, #1
   22 0000001C E7F7            B                find_pos
   23 0000001E         
   24 0000001E 4617    insert  MOV              R7, R2      ; reverse index
   25 00000020 42AF    loop    CMP              R7, R5
   26 00000022 DB08            BLT              insert_elem
   27 00000024         
   28 00000024 F1A7 0301       SUB              R3, R7, #1
   29 00000028 F810 8003       LDRB             R8, [R0, R3]
   30 0000002C F800 8007       STRB             R8, [R0, R7]
   31 00000030         
   32 00000030 F1A7 0701       SUB              R7, R7, #1
   33 00000034 E7F4            B                loop
   34 00000036         
   35 00000036 5541    insert_elem
                               STRB             R1, [R0, R5]
   36 00000038         
   37 00000038 4608    result  MOV              R0, R1      ; store result
   38 0000003A E8BD 4DF0       LDMFD            SP!, {R4-R8, R10, R11, LR}
   39 0000003E         
   40 0000003E 4770            BX               LR
   41 00000040         
   42 00000040                 END
Command Line: --debug --xref --diag_suppress=9931 --cpu=Cortex-M3 --apcs=interw
ork --depend=.\insert_sorted_desc.d -o.\insert_sorted_desc.o -I.\RTE\_Target_1 
-IC:\Keil_v5\ARM\PACK\ARM\CMSIS\5.8.0\CMSIS\Core\Include -IC:\Keil_v5\ARM\PACK\
Keil\LPC1700_DFP\2.7.1\Device\Include --predefine="__UVISION_VERSION SETA 536" 
--predefine="_RTE_ SETA 1" --predefine="LPC175x_6x SETA 1" --predefine="_RTE_ S
ETA 1" --list=.\insert_sorted_desc.lst assembly\insert_sorted_desc.s



ARM Macro Assembler    Page 1 Alphabetic symbol ordering
Relocatable symbols

.text 00000000

Symbol: .text
   Definitions
      At line 1 in file assembly\insert_sorted_desc.s
   Uses
      None
Comment: .text unused
find_pos 0000000E

Symbol: find_pos
   Definitions
      At line 14 in file assembly\insert_sorted_desc.s
   Uses
      At line 22 in file assembly\insert_sorted_desc.s
Comment: find_pos used once
get_and_sort 00000000

Symbol: get_and_sort
   Definitions
      At line 8 in file assembly\insert_sorted_desc.s
   Uses
      At line 2 in file assembly\insert_sorted_desc.s
Comment: get_and_sort used once
insert 0000001E

Symbol: insert
   Definitions
      At line 24 in file assembly\insert_sorted_desc.s
   Uses
      At line 15 in file assembly\insert_sorted_desc.s
      At line 19 in file assembly\insert_sorted_desc.s

insert_elem 00000036

Symbol: insert_elem
   Definitions
      At line 35 in file assembly\insert_sorted_desc.s
   Uses
      At line 26 in file assembly\insert_sorted_desc.s
Comment: insert_elem used once
loop 00000020

Symbol: loop
   Definitions
      At line 25 in file assembly\insert_sorted_desc.s
   Uses
      At line 33 in file assembly\insert_sorted_desc.s
Comment: loop used once
result 00000038

Symbol: result
   Definitions
      At line 37 in file assembly\insert_sorted_desc.s
   Uses
      None
Comment: result unused
7 symbols
340 symbols in table
