


ARM Macro Assembler    Page 1 


    1 00000000                 AREA             |.text|, CODE, READONLY
    2 00000000                 EXPORT           traduzione_morse
    3 00000000         ; R0: input vector
    4 00000000         ; R1: output_vector
    5 00000000         
    6 00000000         traduzione_morse
    7 00000000 46EC            MOV              R12, SP
    8 00000002 E92D 4DF0       STMFD            SP!, {R4-R8, R10, R11, LR}
    9 00000006         
   10 00000006 F04F 0200       MOV              R2, #0      ;index
   11 0000000A F04F 0300       MOV              R3, #0      ;decoded
   12 0000000E F04F 0404       MOV              R4, #4      ; end
   13 00000012 BF08 4F17       LDREQ            R7, =START1 ; root
   14 00000016         
   15 00000016 F810 5B01 
                       loop    LDRB             R5, [R0], #1
   16 0000001A 42A5            CMP              R5, R4      ; check end message
                                                            
   17 0000001C         
   18 0000001C BF01 683E       LDREQ            R6, [R7]    ; store last symbol
                                                            
   19 00000020 F801 6B01       STRBEQ           R6, [R1], #1
   20 00000024 1C5B            ADDEQ            R3, R3, #1
   21 00000026         
   22 00000026 4E14            LDREQ            R6, =END_STRING ; store end of 
                                                            string
   23 00000028 BF04 7836       LDRBEQ           R6, [R6]
   24 0000002C F801 6B01       STRBEQ           R6, [R1], #1
   25 00000030 D01C            BEQ              result
   26 00000032         
   27 00000032 2D03            CMP              R5, #3      ; check space
   28 00000034 BF01 2A00       cmpeq            R2, #0
   29 00000038 683E            LDREQ            R6, [R7]
   30 0000003A F801 6B01       STRBEQ           R6, [R1], #1 ; store symbol
   31 0000003E         
   32 0000003E 4E0F            LDREQ            R6, =SPAZIO
   33 00000040 BF01 7836       LDRBEQ           R6, [R6]
   34 00000044 F801 6B01       STRBEQ           R6, [R1], #1 ; store space
   35 00000048 1C9B            ADDEQ            R3, R3, #2
   36 0000004A 4F0A            LDREQ            R7, =START1 ; return to root
   37 0000004C         
   38 0000004C 2D02            CMP              R5, #2      ; check end of symb
                                                            ol
   39 0000004E BF01 683E       LDREQ            R6, [R7]
   40 00000052 F801 6B01       STRBEQ           R6, [R1], #1
   41 00000056 4F07            LDREQ            R7, =START1 ; return to root
   42 00000058 1C5B            ADDEQ            R3, R3, #1
   43 0000005A         
   44 0000005A 2D00            CMP              R5, #0
   45 0000005C BF08 687F       LDREQ            R7, [R7, #4] ; if 0, down left
   46 00000060 2D01            CMP              R5, #1
   47 00000062 BF08 68BF       LDREQ            R7, [R7, #8] ; if 1, down right
                                                            
   48 00000066         
   49 00000066 F102 0201       ADD              R2, R2, #1
   50 0000006A E7D4            B                loop
   51 0000006C         
   52 0000006C 4618    result  MOV              R0, R3      ; store result
   53 0000006E E8BD 4DF0       LDMFD            SP!, {R4-R8, R10, R11, LR}



ARM Macro Assembler    Page 2 


   54 00000072         
   55 00000072 4770            BX               LR
   56 00000074 00000000 
              00000000 
              00000000 
              00000000 
              00000000         LTORG
   57 00000088         
   58 00000088 00000000 
              00000000 
              00000000 START1  DCD              0, E, T
   59 00000094 00000041 
              00000000 
              00000000 A       DCD              65, R, W
   60 000000A0 00000042 
              00000000 
              00000000 BB      DCD              66, N6, DEFAULT
   61 000000AC 00000043 
              00000000 
              00000000 C       DCD              67, DEFAULT, DEFAULT
   62 000000B8 00000044 
              00000000 
              00000000 D       DCD              68, BB, X
   63 000000C4 00000045 
              00000000 
              00000000 E       DCD              69, I, A
   64 000000D0 00000046 
              00000000 
              00000000 F       DCD              70, DEFAULT, DEFAULT
   65 000000DC 00000047 
              00000000 
              00000000 G       DCD              71, Z, Q
   66 000000E8 00000048 
              00000000 
              00000000 H       DCD              72, N5, N4
   67 000000F4 00000049 
              00000000 
              00000000 I       DCD              73, S, U
   68 00000100 0000004A 
              00000000 
              00000000 J       DCD              74, DEFAULT, N1
   69 0000010C 0000004B 
              00000000 
              00000000 K       DCD              75, C, Y
   70 00000118 0000004C 
              00000000 
              00000000 L       DCD              76, DEFAULT , DEFAULT
   71 00000124 0000004D 
              00000000 
              00000000 M       DCD              77, G, O
   72 00000130 0000004E 
              00000000 
              00000000 N       DCD              78, D, K
   73 0000013C 0000004F 
              00000000 
              00000000 O       DCD              79, OL, OR
   74 00000148 00000000 
              00000000 
              00000000 OL      DCD              0, N8, DEFAULT



ARM Macro Assembler    Page 3 


   75 00000154 00000000 
              00000000 
              00000000 OR      DCD              0,  N9, N0
   76 00000160 00000050 
              00000000 
              00000000 P       DCD              80, DEFAULT, DEFAULT
   77 0000016C 00000051 
              00000000 
              00000000 Q       DCD              81, DEFAULT, DEFAULT
   78 00000178 00000052 
              00000000 
              00000000 R       DCD              82, L, DEFAULT
   79 00000184 00000053 
              00000000 
              00000000 S       DCD              83, H, V
   80 00000190 00000054 
              00000000 
              00000000 T       DCD              84, N, M
   81 0000019C 00000055 
              00000000 
              00000000 U       DCD              85, F, UR
   82 000001A8 00000000 
              00000000 
              00000000 UR      DCD              0,  DEFAULT, N2
   83 000001B4 00000056 
              00000000 
              00000000 V       DCD              86, DEFAULT, N3
   84 000001C0 00000057 
              00000000 
              00000000 W       DCD              87, P, J
   85 000001CC 00000058 
              00000000 
              00000000 X       DCD              88, DEFAULT, DEFAULT
   86 000001D8 00000059 
              00000000 
              00000000 Y       DCD              89, DEFAULT, DEFAULT
   87 000001E4 0000005A 
              00000000 
              00000000 Z       DCD              90, N7, DEFAULT
   88 000001F0 00000030 
              00000000 
              00000000 N0      DCD              48, DEFAULT, DEFAULT
   89 000001FC 00000031 
              00000000 
              00000000 N1      DCD              49, DEFAULT, DEFAULT
   90 00000208 00000032 
              00000000 
              00000000 N2      DCD              50, DEFAULT, DEFAULT
   91 00000214 00000033 
              00000000 
              00000000 N3      DCD              51, DEFAULT, DEFAULT
   92 00000220 00000034 
              00000000 
              00000000 N4      DCD              52, DEFAULT, DEFAULT
   93 0000022C 00000035 
              00000000 
              00000000 N5      DCD              53, DEFAULT, DEFAULT
   94 00000238 00000036 
              00000000 



ARM Macro Assembler    Page 4 


              00000000 N6      DCD              54, DEFAULT, DEFAULT
   95 00000244 00000037 
              00000000 
              00000000 N7      DCD              55, DEFAULT, DEFAULT
   96 00000250 00000038 
              00000000 
              00000000 N8      DCD              56, DEFAULT, DEFAULT
   97 0000025C 00000039 
              00000000 
              00000000 N9      DCD              57, DEFAULT, DEFAULT
   98 00000268 FFFFFFFF 
                       DEFAULT DCD              -1
   99 0000026C 20      SPAZIO  DCB              ' '
  100 0000026D 00      END_STRING
                               DCB              '\0'
  101 0000026E         
  102 0000026E                 END
Command Line: --debug --xref --diag_suppress=9931 --cpu=Cortex-M3 --apcs=interw
ork --depend=.\standard_procedure.d -o.\standard_procedure.o -I.\RTE\_Target_1 
-IC:\Keil_v5\ARM\PACK\ARM\CMSIS\5.8.0\CMSIS\Core\Include -IC:\Keil_v5\ARM\PACK\
Keil\LPC1700_DFP\2.7.1\Device\Include --predefine="__UVISION_VERSION SETA 536" 
--predefine="_RTE_ SETA 1" --predefine="LPC175x_6x SETA 1" --predefine="_RTE_ S
ETA 1" --list=.\standard_procedure.lst assembly\standard_procedure.s



ARM Macro Assembler    Page 1 Alphabetic symbol ordering
Relocatable symbols

.text 00000000

Symbol: .text
   Definitions
      At line 1 in file assembly\standard_procedure.s
   Uses
      None
Comment: .text unused
A 00000094

Symbol: A
   Definitions
      At line 59 in file assembly\standard_procedure.s
   Uses
      At line 63 in file assembly\standard_procedure.s
Comment: A used once
BB 000000A0

Symbol: BB
   Definitions
      At line 60 in file assembly\standard_procedure.s
   Uses
      At line 62 in file assembly\standard_procedure.s
Comment: BB used once
C 000000AC

Symbol: C
   Definitions
      At line 61 in file assembly\standard_procedure.s
   Uses
      At line 69 in file assembly\standard_procedure.s
Comment: C used once
D 000000B8

Symbol: D
   Definitions
      At line 62 in file assembly\standard_procedure.s
   Uses
      At line 72 in file assembly\standard_procedure.s
Comment: D used once
DEFAULT 00000268

Symbol: DEFAULT
   Definitions
      At line 98 in file assembly\standard_procedure.s
   Uses
      At line 60 in file assembly\standard_procedure.s
      At line 61 in file assembly\standard_procedure.s
      At line 61 in file assembly\standard_procedure.s
      At line 64 in file assembly\standard_procedure.s
      At line 64 in file assembly\standard_procedure.s
      At line 68 in file assembly\standard_procedure.s
      At line 70 in file assembly\standard_procedure.s
      At line 70 in file assembly\standard_procedure.s
      At line 74 in file assembly\standard_procedure.s
      At line 76 in file assembly\standard_procedure.s
      At line 76 in file assembly\standard_procedure.s
      At line 77 in file assembly\standard_procedure.s
      At line 77 in file assembly\standard_procedure.s



ARM Macro Assembler    Page 2 Alphabetic symbol ordering
Relocatable symbols

      At line 78 in file assembly\standard_procedure.s
      At line 82 in file assembly\standard_procedure.s
      At line 83 in file assembly\standard_procedure.s
      At line 85 in file assembly\standard_procedure.s
      At line 85 in file assembly\standard_procedure.s
      At line 86 in file assembly\standard_procedure.s
      At line 86 in file assembly\standard_procedure.s
      At line 87 in file assembly\standard_procedure.s
      At line 88 in file assembly\standard_procedure.s
      At line 88 in file assembly\standard_procedure.s
      At line 89 in file assembly\standard_procedure.s
      At line 89 in file assembly\standard_procedure.s
      At line 90 in file assembly\standard_procedure.s
      At line 90 in file assembly\standard_procedure.s
      At line 91 in file assembly\standard_procedure.s
      At line 91 in file assembly\standard_procedure.s
      At line 92 in file assembly\standard_procedure.s
      At line 92 in file assembly\standard_procedure.s
      At line 93 in file assembly\standard_procedure.s
      At line 93 in file assembly\standard_procedure.s
      At line 94 in file assembly\standard_procedure.s
      At line 94 in file assembly\standard_procedure.s
      At line 95 in file assembly\standard_procedure.s
      At line 95 in file assembly\standard_procedure.s
      At line 96 in file assembly\standard_procedure.s
      At line 96 in file assembly\standard_procedure.s
      At line 97 in file assembly\standard_procedure.s
      At line 97 in file assembly\standard_procedure.s

E 000000C4

Symbol: E
   Definitions
      At line 63 in file assembly\standard_procedure.s
   Uses
      At line 58 in file assembly\standard_procedure.s
Comment: E used once
END_STRING 0000026D

Symbol: END_STRING
   Definitions
      At line 100 in file assembly\standard_procedure.s
   Uses
      At line 22 in file assembly\standard_procedure.s
Comment: END_STRING used once
F 000000D0

Symbol: F
   Definitions
      At line 64 in file assembly\standard_procedure.s
   Uses
      At line 81 in file assembly\standard_procedure.s
Comment: F used once
G 000000DC

Symbol: G
   Definitions
      At line 65 in file assembly\standard_procedure.s
   Uses



ARM Macro Assembler    Page 3 Alphabetic symbol ordering
Relocatable symbols

      At line 71 in file assembly\standard_procedure.s
Comment: G used once
H 000000E8

Symbol: H
   Definitions
      At line 66 in file assembly\standard_procedure.s
   Uses
      At line 79 in file assembly\standard_procedure.s
Comment: H used once
I 000000F4

Symbol: I
   Definitions
      At line 67 in file assembly\standard_procedure.s
   Uses
      At line 63 in file assembly\standard_procedure.s
Comment: I used once
J 00000100

Symbol: J
   Definitions
      At line 68 in file assembly\standard_procedure.s
   Uses
      At line 84 in file assembly\standard_procedure.s
Comment: J used once
K 0000010C

Symbol: K
   Definitions
      At line 69 in file assembly\standard_procedure.s
   Uses
      At line 72 in file assembly\standard_procedure.s
Comment: K used once
L 00000118

Symbol: L
   Definitions
      At line 70 in file assembly\standard_procedure.s
   Uses
      At line 78 in file assembly\standard_procedure.s
Comment: L used once
M 00000124

Symbol: M
   Definitions
      At line 71 in file assembly\standard_procedure.s
   Uses
      At line 80 in file assembly\standard_procedure.s
Comment: M used once
N 00000130

Symbol: N
   Definitions
      At line 72 in file assembly\standard_procedure.s
   Uses
      At line 80 in file assembly\standard_procedure.s
Comment: N used once
N0 000001F0



ARM Macro Assembler    Page 4 Alphabetic symbol ordering
Relocatable symbols


Symbol: N0
   Definitions
      At line 88 in file assembly\standard_procedure.s
   Uses
      At line 75 in file assembly\standard_procedure.s
Comment: N0 used once
N1 000001FC

Symbol: N1
   Definitions
      At line 89 in file assembly\standard_procedure.s
   Uses
      At line 68 in file assembly\standard_procedure.s
Comment: N1 used once
N2 00000208

Symbol: N2
   Definitions
      At line 90 in file assembly\standard_procedure.s
   Uses
      At line 82 in file assembly\standard_procedure.s
Comment: N2 used once
N3 00000214

Symbol: N3
   Definitions
      At line 91 in file assembly\standard_procedure.s
   Uses
      At line 83 in file assembly\standard_procedure.s
Comment: N3 used once
N4 00000220

Symbol: N4
   Definitions
      At line 92 in file assembly\standard_procedure.s
   Uses
      At line 66 in file assembly\standard_procedure.s
Comment: N4 used once
N5 0000022C

Symbol: N5
   Definitions
      At line 93 in file assembly\standard_procedure.s
   Uses
      At line 66 in file assembly\standard_procedure.s
Comment: N5 used once
N6 00000238

Symbol: N6
   Definitions
      At line 94 in file assembly\standard_procedure.s
   Uses
      At line 60 in file assembly\standard_procedure.s
Comment: N6 used once
N7 00000244

Symbol: N7
   Definitions



ARM Macro Assembler    Page 5 Alphabetic symbol ordering
Relocatable symbols

      At line 95 in file assembly\standard_procedure.s
   Uses
      At line 87 in file assembly\standard_procedure.s
Comment: N7 used once
N8 00000250

Symbol: N8
   Definitions
      At line 96 in file assembly\standard_procedure.s
   Uses
      At line 74 in file assembly\standard_procedure.s
Comment: N8 used once
N9 0000025C

Symbol: N9
   Definitions
      At line 97 in file assembly\standard_procedure.s
   Uses
      At line 75 in file assembly\standard_procedure.s
Comment: N9 used once
O 0000013C

Symbol: O
   Definitions
      At line 73 in file assembly\standard_procedure.s
   Uses
      At line 71 in file assembly\standard_procedure.s
Comment: O used once
OL 00000148

Symbol: OL
   Definitions
      At line 74 in file assembly\standard_procedure.s
   Uses
      At line 73 in file assembly\standard_procedure.s
Comment: OL used once
OR 00000154

Symbol: OR
   Definitions
      At line 75 in file assembly\standard_procedure.s
   Uses
      At line 73 in file assembly\standard_procedure.s
Comment: OR used once
P 00000160

Symbol: P
   Definitions
      At line 76 in file assembly\standard_procedure.s
   Uses
      At line 84 in file assembly\standard_procedure.s
Comment: P used once
Q 0000016C

Symbol: Q
   Definitions
      At line 77 in file assembly\standard_procedure.s
   Uses
      At line 65 in file assembly\standard_procedure.s



ARM Macro Assembler    Page 6 Alphabetic symbol ordering
Relocatable symbols

Comment: Q used once
R 00000178

Symbol: R
   Definitions
      At line 78 in file assembly\standard_procedure.s
   Uses
      At line 59 in file assembly\standard_procedure.s
Comment: R used once
S 00000184

Symbol: S
   Definitions
      At line 79 in file assembly\standard_procedure.s
   Uses
      At line 67 in file assembly\standard_procedure.s
Comment: S used once
SPAZIO 0000026C

Symbol: SPAZIO
   Definitions
      At line 99 in file assembly\standard_procedure.s
   Uses
      At line 32 in file assembly\standard_procedure.s
Comment: SPAZIO used once
START1 00000088

Symbol: START1
   Definitions
      At line 58 in file assembly\standard_procedure.s
   Uses
      At line 13 in file assembly\standard_procedure.s
      At line 36 in file assembly\standard_procedure.s
      At line 41 in file assembly\standard_procedure.s

T 00000190

Symbol: T
   Definitions
      At line 80 in file assembly\standard_procedure.s
   Uses
      At line 58 in file assembly\standard_procedure.s
Comment: T used once
U 0000019C

Symbol: U
   Definitions
      At line 81 in file assembly\standard_procedure.s
   Uses
      At line 67 in file assembly\standard_procedure.s
Comment: U used once
UR 000001A8

Symbol: UR
   Definitions
      At line 82 in file assembly\standard_procedure.s
   Uses
      At line 81 in file assembly\standard_procedure.s
Comment: UR used once



ARM Macro Assembler    Page 7 Alphabetic symbol ordering
Relocatable symbols

V 000001B4

Symbol: V
   Definitions
      At line 83 in file assembly\standard_procedure.s
   Uses
      At line 79 in file assembly\standard_procedure.s
Comment: V used once
W 000001C0

Symbol: W
   Definitions
      At line 84 in file assembly\standard_procedure.s
   Uses
      At line 59 in file assembly\standard_procedure.s
Comment: W used once
X 000001CC

Symbol: X
   Definitions
      At line 85 in file assembly\standard_procedure.s
   Uses
      At line 62 in file assembly\standard_procedure.s
Comment: X used once
Y 000001D8

Symbol: Y
   Definitions
      At line 86 in file assembly\standard_procedure.s
   Uses
      At line 69 in file assembly\standard_procedure.s
Comment: Y used once
Z 000001E4

Symbol: Z
   Definitions
      At line 87 in file assembly\standard_procedure.s
   Uses
      At line 65 in file assembly\standard_procedure.s
Comment: Z used once
loop 00000016

Symbol: loop
   Definitions
      At line 15 in file assembly\standard_procedure.s
   Uses
      At line 50 in file assembly\standard_procedure.s
Comment: loop used once
result 0000006C

Symbol: result
   Definitions
      At line 52 in file assembly\standard_procedure.s
   Uses
      At line 25 in file assembly\standard_procedure.s
Comment: result used once
traduzione_morse 00000000

Symbol: traduzione_morse



ARM Macro Assembler    Page 8 Alphabetic symbol ordering
Relocatable symbols

   Definitions
      At line 6 in file assembly\standard_procedure.s
   Uses
      At line 2 in file assembly\standard_procedure.s
Comment: traduzione_morse used once
47 symbols
382 symbols in table
