


ARM Macro Assembler    Page 1 


    1 00000000                 AREA             |.text|, CODE, READONLY
    2 00000000                 EXPORT           remainder   ; r = a % b, a >= 0
                                                            , b > 0; if b == 0,
                                                             then r = -1
    3 00000000         ; R0: a
    4 00000000         ; R1: b
    5 00000000         
    6 00000000         remainder
    7 00000000 46EC            MOV              R12, SP
    8 00000002 E92D 4DF0       STMFD            SP!, {R4-R8, R10, R11, LR}
    9 00000006         
   10 00000006 2900    check_div
                               CMP              R1, #0
   11 00000008 BF0F F04F 
              34FF             MOVEQ            R4, #-1     ; r = -1 (undefined
                                                            )
   12 0000000E FBB0 F2F1       UDIVNE           R2, R0, R1  ; c = a / b
   13 00000012 434A            MULNE            R2, R1, R2  ; d = b * c
   14 00000014 1A8B            SUBNE            R3, R1, R2  ; r = a - d
   15 00000016         
   16 00000016 4618    result  MOV              R0, R3      ; store result
   17 00000018 E8BD 4DF0       LDMFD            SP!, {R4-R8, R10, R11, LR}
   18 0000001C         
   19 0000001C 4770            BX               LR
   20 0000001E         
   21 0000001E                 END
Command Line: --debug --xref --diag_suppress=9931 --cpu=Cortex-M3 --apcs=interw
ork --depend=.\division_remainder.d -o.\division_remainder.o -I.\RTE\_Target_1 
-IC:\Users\HP\AppData\Local\Arm\Packs\ARM\CMSIS\5.9.0\CMSIS\Core\Include -IC:\U
sers\HP\AppData\Local\Arm\Packs\Keil\LPC1700_DFP\2.7.1\Device\Include --predefi
ne="__EVAL SETA 1" --predefine="__UVISION_VERSION SETA 538" --predefine="_RTE_ 
SETA 1" --predefine="LPC175x_6x SETA 1" --predefine="_RTE_ SETA 1" --list=.\div
ision_remainder.lst assembly\division_remainder.s



ARM Macro Assembler    Page 1 Alphabetic symbol ordering
Relocatable symbols

.text 00000000

Symbol: .text
   Definitions
      At line 1 in file assembly\division_remainder.s
   Uses
      None
Comment: .text unused
check_div 00000006

Symbol: check_div
   Definitions
      At line 10 in file assembly\division_remainder.s
   Uses
      None
Comment: check_div unused
remainder 00000000

Symbol: remainder
   Definitions
      At line 6 in file assembly\division_remainder.s
   Uses
      At line 2 in file assembly\division_remainder.s
Comment: remainder used once
result 00000016

Symbol: result
   Definitions
      At line 16 in file assembly\division_remainder.s
   Uses
      None
Comment: result unused
4 symbols
338 symbols in table
