


ARM Macro Assembler    Page 1 


    1 00000000                 AREA             |.text|, CODE, READONLY
    2 00000000                 EXPORT           search_in_pool ; search integer
                                                             in literal pool
    3 00000000         ; R0: element to search 
    4 00000000         
    5 00000000         search_in_pool
    6 00000000 46EC            MOV              R12, SP
    7 00000002 E92D 4DF0       STMFD            SP!, {R4-R8, R10, R11, LR}
    8 00000006         
    9 00000006 4C0B            LDR              R4, =N
   10 00000008 6824            LDR              R4, [R4]
   11 0000000A 490B            LDR              R1, =numbers
   12 0000000C         
   13 0000000C F04F 0200       MOV              R2, #0
   14 00000010         
   15 00000010 42A2    search  CMP              R2, R4
   16 00000012 D006            BEQ              result
   17 00000014         
   18 00000014 F851 3B04       LDR              R3, [R1], #4
   19 00000018 4283            CMP              R3, R0
   20 0000001A         
   21 0000001A D002            BEQ              result
   22 0000001C         
   23 0000001C F102 0201       ADD              R2, R2, #1
   24 00000020         
   25 00000020 E7F6            B                search
   26 00000022         
   27 00000022         
   28 00000022 42A2    result  CMP              R2, R4
   29 00000024 BF0C F04F 
              30FF             MOVEQ            R0, #-1     ; store result
   30 0000002A 4610            MOVNE            R0, R2
   31 0000002C E8BD 4DF0       LDMFD            SP!, {R4-R8, R10, R11, LR}
   32 00000030         
   33 00000030 4770            BX               LR
   34 00000032 00 00 00000000 
              00000000         LTORG
   35 0000003C         
   36 0000003C 00000004 
                       N       DCD              4
   37 00000040 00000067 
              00000078 
              00000086 
              00000013 numbers DCD              0x67, 0x78, 0x86, 0x13
   38 00000050         
   39 00000050                 END
Command Line: --debug --xref --diag_suppress=9931 --cpu=Cortex-M3 --apcs=interw
ork --depend=.\search_in_array_pool.d -o.\search_in_array_pool.o -I.\RTE\_Targe
t_1 -IC:\Users\HP\AppData\Local\Arm\Packs\ARM\CMSIS\5.9.0\CMSIS\Core\Include -I
C:\Users\HP\AppData\Local\Arm\Packs\Keil\LPC1700_DFP\2.7.1\Device\Include --pre
define="__EVAL SETA 1" --predefine="__UVISION_VERSION SETA 538" --predefine="_R
TE_ SETA 1" --predefine="LPC175x_6x SETA 1" --predefine="_RTE_ SETA 1" --list=.
\search_in_array_pool.lst assembly\search_in_array_pool.s



ARM Macro Assembler    Page 1 Alphabetic symbol ordering
Relocatable symbols

.text 00000000

Symbol: .text
   Definitions
      At line 1 in file assembly\search_in_array_pool.s
   Uses
      None
Comment: .text unused
N 0000003C

Symbol: N
   Definitions
      At line 36 in file assembly\search_in_array_pool.s
   Uses
      At line 9 in file assembly\search_in_array_pool.s
Comment: N used once
numbers 00000040

Symbol: numbers
   Definitions
      At line 37 in file assembly\search_in_array_pool.s
   Uses
      At line 11 in file assembly\search_in_array_pool.s
Comment: numbers used once
result 00000022

Symbol: result
   Definitions
      At line 28 in file assembly\search_in_array_pool.s
   Uses
      At line 16 in file assembly\search_in_array_pool.s
      At line 21 in file assembly\search_in_array_pool.s

search 00000010

Symbol: search
   Definitions
      At line 15 in file assembly\search_in_array_pool.s
   Uses
      At line 25 in file assembly\search_in_array_pool.s
Comment: search used once
search_in_pool 00000000

Symbol: search_in_pool
   Definitions
      At line 5 in file assembly\search_in_array_pool.s
   Uses
      At line 2 in file assembly\search_in_array_pool.s
Comment: search_in_pool used once
6 symbols
342 symbols in table
