


ARM Macro Assembler    Page 1 


    1 00000000                 AREA             |.text|, CODE, READONLY
    2 00000000                 EXPORT           overflow
    3 00000000         ; R0: data/result
    4 00000000         ; R1: data/result
    5 00000000         ; R2: data
    6 00000000         ; R3: data
    7 00000000         
    8 00000000         overflow
    9 00000000 46EC            MOV              R12, SP
   10 00000002 E92D 4DF0       STMFD            SP!, {R4-R8, R10, R11, LR}
   11 00000006         
   12 00000006 F04F 0502       MOV              R5, #2      ; default result
   13 0000000A F04F 0200       MOV              R2, #0      ; index
   14 0000000E F04F 0300       MOV              R3, #0      ; sum
   15 00000012 428A    loop    CMP              R2, R1
   16 00000014 D005            BEQ              result
   17 00000016         
   18 00000016 F850 4B04       LDR              R4, [R0], #4
   19 0000001A 191B            ADDS             R3, R3, R4
   20 0000001C         
   21 0000001C F102 0201       ADD              R2, R2, #1
   22 00000020 E7F7            B                loop
   23 00000022         
   24 00000022 4638    result  MOV              R0, R7      ; store default res
                                                            ult
   25 00000024 BF68 2000       MOVVS            R0, #0      ; store if overflow
                                                             set
   26 00000028 BF28 2001       MOVHS            R0, #1      ; store if carry se
                                                            t
   27 0000002C E8BD 4DF0       LDMFD            SP!, {R4-R8, R10, R11, LR}
   28 00000030         
   29 00000030 4770            BX               LR
   30 00000032         
   31 00000032                 END
Command Line: --debug --xref --diag_suppress=9931 --cpu=Cortex-M3 --apcs=interw
ork --depend=.\standard_procedure.d -o.\standard_procedure.o -I.\RTE\_Target_1 
-IC:\Users\HP\AppData\Local\Arm\Packs\ARM\CMSIS\5.9.0\CMSIS\Core\Include -IC:\U
sers\HP\AppData\Local\Arm\Packs\Keil\LPC1700_DFP\2.7.1\Device\Include --predefi
ne="__EVAL SETA 1" --predefine="__UVISION_VERSION SETA 538" --predefine="_RTE_ 
SETA 1" --predefine="LPC175x_6x SETA 1" --predefine="_RTE_ SETA 1" --list=.\sta
ndard_procedure.lst assembly\standard_procedure.s



ARM Macro Assembler    Page 1 Alphabetic symbol ordering
Relocatable symbols

.text 00000000

Symbol: .text
   Definitions
      At line 1 in file assembly\standard_procedure.s
   Uses
      None
Comment: .text unused
loop 00000012

Symbol: loop
   Definitions
      At line 15 in file assembly\standard_procedure.s
   Uses
      At line 22 in file assembly\standard_procedure.s
Comment: loop used once
overflow 00000000

Symbol: overflow
   Definitions
      At line 8 in file assembly\standard_procedure.s
   Uses
      At line 2 in file assembly\standard_procedure.s
Comment: overflow used once
result 00000022

Symbol: result
   Definitions
      At line 24 in file assembly\standard_procedure.s
   Uses
      At line 16 in file assembly\standard_procedure.s
Comment: result used once
4 symbols
338 symbols in table
